Recieved request [object Object]
start_game body
{ user_id: '16af768ce0297280',
  game_type: 'shake',
  start_time: 1415867731672 }
About to sent from start_game. game_instances is 
{ '1': 
   { game_type: 'shake',
     start_time: 1415867731672,
     end_time: null,
     '16af768ce0297280': { session_id: null, score: null, user_start_time: 1415867731672 } } }
req body to submit game end: 
{ game_id: 1,
  user_id: '16af768ce0297280',
  end_time: 1415867734825 }
http://cse490m2.cs.washington.edu:8080/api/user_data?end=1415867734825&id=16af768ce0297280&start=1415867731672
1415867734523	8.43148227751547
1415867734512	8.582325027156967
1415867734501	8.865892456085653
1415867734491	9.24735552133158
1415867734481	9.611323244912672
1415867734464	10.394874879014758
1415867734451	10.965623496545781
1415867734441	11.546519002217064
1415867734431	12.282017063655658
1415867734421	12.88829788905351
1415867734410	12.349424343202895
1415867734396	11.39495726080229
1415867734383	10.384862201708952
1415867734373	9.15210805816401
1415867734363	6.4037340483795635
1415867734351	5.318503332761618
1415867734341	4.512434066437417
1415867734331	4.04673781655455
1415867734321	4.056237074903154
1415867734311	4.3778420225030175
1415867734301	5.0204389487884225
1415867734291	5.830544916309401
1415867734281	5.945337322052602
1415867734271	5.158092591179757
1415867734261	5.0733853278663785
1415867734250	8.905037184905128
1415867734240	21.754396104704057
1415867734230	29.374655836478173
1415867734211	28.113147742253933
1415867734198	26.401284252603244
1415867734182	29.837165731172004
1415867734171	33.962592638160565
1415867734161	32.26797042155142
1415867734151	33.00644979631318
1415867734139	28.107164932537007
1415867734128	29.321738840124166
1415867734118	28.572459338365036
1415867734101	28.193921600490523
1415867734086	29.0093126164813
1415867734073	29.06129884290193
1415867734060	33.962592638160565
1415867734047	30.816520880053726
1415867733944	33.13101669519313
1415867733918	32.956871715105805
1415867733903	27.807738912826004
1415867733888	27.769688102617742
1415867733873	27.963894694551723
1415867733854	33.360844557735895
1415867733838	33.96328314910592
1415867733823	33.96328314910592
1415867733806	32.64307106858141
1415867733791	20.59631272799144
1415867733771	24.78648978037927
1415867733753	27.39884810503474
1415867733740	25.26790319095886
1415867733722	26.42292815057084
1415867733710	24.568224880255254
1415867733696	30.90187049671254
1415867733654	29.55198162695891
1415867733630	29.1246607029481
1415867733617	27.80273011102624
1415867733600	33.96086469919223
1415867733590	33.082297269307006
1415867733574	32.57024878423241
1415867733553	28.59379279975718
1415867733541	29.889095726557837
1415867733530	28.63008634316636
1415867733512	24.012431382431824
1415867733493	21.970861452525913
1415867733477	20.90151480214822
1415867733466	20.624569417137575
1415867733455	19.94715410905838
1415867733444	19.757730645338047
1415867733360	23.8183826421328
1415867733343	32.077083862642766
1415867733330	28.943162966496217
1415867733320	30.806866965634757
1415867733306	28.243587168097942
1415867733293	32.12835258808881
1415867733281	32.77758741939213
1415867733270	33.962592638160565
1415867733260	32.17378723372314
1415867733250	26.54235813585856
1415867733240	29.974489221870083
1415867733230	29.855231207100807
1415867733220	31.76831306376601
1415867733210	33.96328314910592
1415867733200	33.96328314910592
1415867733190	29.47452039473784
1415867733180	22.538626116903572
1415867733170	30.423438199667473
1415867733160	30.251159011236613
1415867733150	25.168933259927744
1415867733140	22.013019403648435
1415867733125	17.128367323512755
1415867733114	16.893479605667565
1415867733102	17.55620567580282
1415867733090	18.094550280268265
1415867733079	18.40826682899633
1415867733061	20.275034312794986
1415867733050	23.22249206471812
1415867733040	27.764910020559622
1415867733030	28.696398494794447
1415867733012	27.868333901840842
1415867732999	33.92393199613285
1415867732989	33.962592638160565
1415867732979	28.848271382978236
1415867732969	33.923243068805284
1415867732954	32.47330739305964
1415867732943	33.962592638160565
1415867732933	20.47206397020033
1415867732922	32.73320235462894
1415867732901	30.652637132327147
1415867732880	33.20100191877072
1415867732861	23.525110917471434
1415867732851	20.691168343279397
1415867732763	22.484625670686672
1415867732735	24.58406638358992
1415867732720	24.583540406291537
1415867732706	27.79573452293472
1415867732690	28.37236617189249
1415867732679	28.609334221265147
1415867732669	31.472241826662522
1415867732659	29.082368949560678
1415867732649	24.565271038417364
1415867732632	33.962592638160565
1415867732621	27.781160387800398
1415867732610	33.962592638160565
1415867732599	33.962592638160565
1415867732589	32.37705612755707
1415867732579	21.921109154862034
1415867732561	33.583070331932085
1415867732547	27.835084468838062
1415867732529	26.44164683527729
1415867732518	7.102727082063004
1415867732496	5.745903891709163
1415867732478	5.009273175051283
1415867732461	5.933665077590511
1415867732444	8.989162498888609
1415867732433	12.785091244593707
1415867732423	16.495421863516484
1415867732410	19.36761362409252
1415867732399	20.783959905735987
1415867732381	21.33776032416598
1415867732361	11.22998026096965
1415867732349	11.44787000213174
1415867732337	11.87489244487726
1415867732325	11.965053423008897
1415867732314	11.846432019585917
1415867732298	11.541890394084264
1415867732270	11.274422285232767
1415867732139	10.622195208644401
1415867732129	10.193109449203625
1415867732111	9.869322038700485
1415867732100	9.794775593585847
1415867732089	9.804971934963678
1415867732079	10.001014144927368
1415867732069	10.204608052156356
1415867732059	10.067391759965194
1415867732048	9.579442741349293
1415867732038	8.99274804638223
1415867732028	8.409435186705036
1415867732011	9.940209247844981
1415867732001	10.380173385417423
1415867731990	11.083482699081523
1415867731979	10.721865885319461
1415867731969	10.471364250939116
1415867731959	10.523068472218187
1415867731948	10.380095035167509
1415867731938	10.397972897133842
1415867731928	10.684501497769968
1415867731918	11.16746539933359
1415867731905	8.924834403539506
1415867731888	9.658280140603399
1415867731871	10.443942918552684
1415867731861	10.833753844579643
1415867731851	10.743230855314362
1415867731840	11.315207963499867
1415867731822	11.37245623672565
1415867731812	11.465460756417407
1415867731802	11.320211431013531
1415867731789	10.994824907304267
1415867731778	11.245339460486315
1415867731768	12.03829379679722
1415867731758	11.80257456865471
1415867731748	11.670467991609732
1415867731733	11.019246792456494
1415867731719	9.978808982099613
Recieved request [object Object]
start_game body
{ user_id: '16af768ce0297280',
  game_type: 'shake',
  start_time: 1415867738166 }
About to sent from start_game. game_instances is 
{ '1': 
   { game_type: 'shake',
     start_time: 1415867731672,
     end_time: null,
     '16af768ce0297280': { session_id: null, score: null, user_start_time: 1415867731672 } },
  '2': 
   { game_type: 'shake',
     start_time: 1415867738166,
     end_time: null,
     '16af768ce0297280': { session_id: null, score: null, user_start_time: 1415867738166 } } }
req body to submit game end: 
{ game_id: 2,
  user_id: '16af768ce0297280',
  end_time: 1415867741385 }
http://cse490m2.cs.washington.edu:8080/api/user_data?end=1415867741385&id=16af768ce0297280&start=1415867738166
1415867740912	8.443052036412299
1415867740899	10.248196538787917
1415867740884	14.085999510941328
1415867740872	27.49499437005009
1415867740858	28.51765722439417
1415867740838	29.792108148956867
1415867740818	28.137990252854543
1415867740808	24.43862609392758
1415867740798	33.962592638160565
1415867740788	33.6314027481753
1415867740778	32.10841931750171
1415867740760	29.34651041553973
1415867740749	21.232797863984068
1415867740739	27.769351149329264
1415867740728	33.107835380604705
1415867740718	33.96328314910592
1415867740708	33.96328314910592
1415867740698	28.82248183797707
1415867740688	23.061380953515688
1415867740670	26.20477537264067
1415867740659	26.129542671158045
1415867740648	23.84919487790463
1415867740638	21.054142999465814
1415867740628	19.921979483961167
1415867740618	23.07734306335536
1415867740608	30.28264345714961
1415867740598	31.59764557279137
1415867740588	29.8766715663813
1415867740577	28.883011244185433
1415867740559	28.92471121549956
1415867740532	32.676185690839716
1415867740522	27.71172882530583
1415867740507	21.33341157286171
1415867740496	31.366062404656994
1415867740477	33.96328314910592
1415867740459	33.95844714997164
1415867740443	29.907064581617604
1415867740327	32.09484969185464
1415867740309	22.03548915125714
1415867740298	27.903036704679952
1415867740288	33.96328314910592
1415867740278	31.495376476191947
1415867740267	30.66770066777824
1415867740257	31.198664649300714
1415867740247	27.76924309857203
1415867740237	31.04004830899699
1415867740227	28.682040678629495
1415867740217	20.829561510878214
1415867740207	20.489484704686213
1415867740197	28.640093437292084
1415867740187	31.811181472792207
1415867740177	29.489576758331374
1415867740160	30.752837284057517
1415867740150	33.962592638160565
1415867740140	33.962592638160565
1415867740129	28.625304729996458
1415867740118	33.83246957844072
1415867740107	19.929422372550867
1415867740097	27.595479576301138
1415867740087	30.60790089649888
1415867740077	33.96328314910592
1415867740061	31.78871381133705
1415867740050	27.836115187677443
1415867740037	28.293147686196747
1415867740023	27.433701450814723
1415867740007	22.37841256159174
1415867739997	19.686006302577546
1415867739987	24.811380436939032
1415867739977	30.645754053841486
1415867739967	29.934265301094765
1415867739949	30.049178295807124
1415867739937	33.962592638160565
1415867739927	31.08958036150461
1415867739917	33.41514538746653
1415867739906	28.590292379330972
1415867739885	28.34281895649325
1415867739866	33.00158133203023
1415867739848	33.962592638160565
1415867739837	29.204561983235394
1415867739692	33.962592638160565
1415867739677	33.47571361069952
1415867739667	26.104929362366263
1415867739657	22.576536880158365
1415867739647	28.065754127448223
1415867739637	33.57429513989708
1415867739626	33.96328314910592
1415867739610	27.770746421967953
1415867739599	25.77403395588244
1415867739589	26.401896973915076
1415867739577	24.367087740249428
1415867739567	18.409364242776505
1415867739557	17.880477522660676
1415867739547	20.23852347082309
1415867739537	20.955731014477117
1415867739526	19.874453063898795
1415867739509	31.743657473826264
1415867739498	33.04350759787642
1415867739488	28.002628459118334
1415867739477	29.11570743437923
1415867739467	28.595837919623712
1415867739457	33.962592638160565
1415867739446	33.962592638160565
1415867739428	32.78908166904255
1415867739418	23.07992525370406
1415867739390	33.77599898763958
1415867739376	33.783517595865014
1415867739358	27.950261373184723
1415867739347	24.988257572728713
1415867739337	19.833129919817896
1415867739327	19.140578607161462
1415867739316	14.522425863328444
1415867739306	11.608258416238927
1415867739296	11.490403054152246
1415867739286	13.570459950619522
1415867739276	15.878595644034702
1415867739259	18.7341006699138
1415867739248	17.75138087263386
1415867739231	15.291137986531709
1415867739215	13.73807644161036
1415867739195	12.528812315883451
1415867738996	11.875626462994317
1415867738986	11.358611024925175
1415867738976	10.900423345880267
1415867738966	10.577349819656112
1415867738956	10.47914544450854
1415867738946	10.41644612369467
1415867738936	10.36401815364216
1415867738926	10.235361550549928
1415867738916	10.169747013940064
1415867738906	10.0824925027198
1415867738895	10.042936184576506
1415867738885	10.013806253286994
1415867738875	9.959397107866925
1415867738864	10.002384214644692
1415867738854	10.080224082059598
1415867738841	10.045196736279633
1415867738829	10.025588791361484
1415867738816	10.085851404448631
1415867738806	10.117572846508203
1415867738796	10.154767397629936
1415867738786	10.216646529945166
1415867738776	10.286201446649548
1415867738766	10.323689702854075
1415867738756	10.313153156124477
1415867738746	10.32386332719145
1415867738736	10.335268695228857
1415867738726	10.33459208366098
1415867738716	10.313480907471394
1415867738706	10.24398767660966
1415867738691	10.106630470088493
1415867738676	10.035896128801738
1415867738666	9.928690025856753
1415867738653	9.858170561254349
1415867738621	9.95783271904716
1415867738601	10.052101416562213
1415867738584	10.47984646150392
1415867738573	10.289326604903799
1415867738547	10.29743232209628
1415867738536	10.267160578808323
1415867738519	10.178125152631589
1415867738508	10.21024428034305
1415867738345	10.150660294265812
1415867738327	10.05465319013892
1415867738315	9.999373472960936
1415867738305	10.1352179503049
1415867738295	10.231426197073375
1415867738285	10.204471937842618
1415867738275	10.211113020588536
1415867738261	10.191420882178665
1415867738245	10.241881012379698
1415867738235	10.331750900040438
1415867738224	10.4758091322567
1415867738210	10.5454126309669
Recieved request [object Object]
start_game body
{ user_id: '16af768ce0297280',
  game_type: 'shake',
  start_time: 1415867744680 }
About to sent from start_game. game_instances is 
{ '1': 
   { game_type: 'shake',
     start_time: 1415867731672,
     end_time: null,
     '16af768ce0297280': { session_id: null, score: null, user_start_time: 1415867731672 } },
  '2': 
   { game_type: 'shake',
     start_time: 1415867738166,
     end_time: null,
     '16af768ce0297280': { session_id: null, score: null, user_start_time: 1415867738166 } },
  '3': 
   { game_type: 'shake',
     start_time: 1415867744680,
     end_time: null,
     '16af768ce0297280': { session_id: null, score: null, user_start_time: 1415867744680 } } }
req body to submit game end: 
{ game_id: 3,
  user_id: '16af768ce0297280',
  end_time: 1415867747800 }
http://cse490m2.cs.washington.edu:8080/api/user_data?end=1415867747800&id=16af768ce0297280&start=1415867744680
1415867747271	5.195126172180987
1415867747256	6.764987234489058
1415867747245	8.197648690948384
1415867747235	8.75227281543191
1415867747225	8.080773430691991
1415867747215	6.428228900245274
1415867747205	5.403850443306516
1415867747195	9.01154007169102
1415867747185	18.39674876864017
1415867747175	26.83271053140465
1415867747157	27.746321590629275
1415867747145	29.68914255632422
1415867747135	27.655602872371073
1415867747125	23.058055318670707
1415867747114	33.89602826557385
1415867747104	27.82958978096512
1415867747090	29.137159201691404
1415867747077	28.083269976508046
1415867747064	33.962246847549366
1415867747051	33.96328314910592
1415867747040	33.96328314910592
1415867747030	24.22499700800704
1415867747005	28.48256175963228
1415867746995	31.93845538525177
1415867746976	29.679206313694444
1415867746965	28.437992444629245
1415867746955	23.886840973813953
1415867746944	20.662552012979745
1415867746934	19.925198305217265
1415867746924	25.57315904303651
1415867746914	28.09678204731621
1415867746904	27.835122756039233
1415867746894	29.217356513361814
1415867746883	29.57064648798563
1415867746864	33.962592638160565
1415867746851	31.990483876637708
1415867746840	30.784478275941158
1415867746830	26.828537749255123
1415867746818	22.250446449138835
1415867746805	28.48721518557616
1415867746790	29.819539855364184
1415867746674	28.78607209824303
1415867746664	28.966413421932184
1415867746654	29.192754243207784
1415867746644	32.04254027157087
1415867746634	33.962592638160565
1415867746616	33.962592638160565
1415867746604	32.73266879498031
1415867746588	27.951160082872825
1415867746576	33.959828094528056
1415867746564	33.96328314910592
1415867746554	33.65073664825847
1415867746544	28.865203059648792
1415867746534	29.577282845454853
1415867746524	27.746257581136735
1415867746514	29.34399214128444
1415867746504	31.63698894174403
1415867746494	26.46796895631376
1415867746484	21.87165277318877
1415867746474	21.009667906112753
1415867746464	27.943672305018822
1415867746454	30.66054886900034
1415867746436	28.6559957771305
1415867746424	27.759767551237555
1415867746414	33.46632835402088
1415867746404	30.155504180408027
1415867746394	29.838065055391933
1415867746384	27.828280041195274
1415867746374	22.163172452352047
1415867746357	31.758973255320534
1415867746344	33.96328314910592
1415867746334	33.96328314910592
1415867746324	29.10061519251112
1415867746314	27.558066185147137
1415867746304	27.774288937595575
1415867746294	28.151458664709207
1415867746284	31.58224800878283
1415867746274	32.918434715492126
1415867746256	21.85065570242889
1415867746244	26.997934929741557
1415867746234	29.075300462444357
1415867746224	29.5814696672534
1415867746214	28.350391564029692
1415867746204	33.419153731257424
1415867746187	26.687515061535645
1415867746176	31.231236956974037
1415867746064	26.794841973218205
1415867746054	21.49176207989327
1415867746044	20.41382935109023
1415867746034	26.749009150521164
1415867746024	27.730414027903706
1415867746014	28.881002968332332
1415867746004	28.040576938128307
1415867745994	33.8208153940235
1415867745984	28.984292284206166
1415867745974	33.67311325018354
1415867745958	30.32119024464978
1415867745944	28.962956098275484
1415867745934	28.1591229701641
1415867745924	23.980275796635887
1415867745914	27.85452735450496
1415867745903	33.96328314910592
1415867745887	33.96328314910592
1415867745874	22.136064163928417
1415867745864	27.593475695043384
1415867745849	33.270923353964356
1415867745838	33.70268151356235
1415867745817	29.152748302648483
1415867745801	21.819156893303774
1415867745785	28.189606963278894
1415867745773	29.35653557276032
1415867745763	28.16486565077998
1415867745753	33.92462210375759
1415867745743	30.119038508050302
1415867745733	32.91520998592508
1415867745715	28.100162703000812
1415867745703	33.412807724460485
1415867745693	24.25588665319306
1415867745683	30.631503047135997
1415867745673	33.96328314910592
1415867745663	33.075174242323655
1415867745653	28.04123570248198
1415867745643	33.96328314910592
1415867745633	32.807017054779266
1415867745623	27.752650098564512
1415867745613	30.21140216436857
1415867745603	31.479289958038986
1415867745593	25.412521189564288
1415867745583	20.949197818361483
1415867745573	20.10886329566949
1415867745562	27.289536275689276
1415867745446	21.96435449217695
1415867745424	33.96328314910592
1415867745413	33.96328314910592
1415867745403	33.18258303349281
1415867745393	27.738789888455244
1415867745383	26.90227813171537
1415867745373	21.78849920297231
1415867745362	27.117845631933115
1415867745347	25.703045280240715
1415867745328	25.51300453289288
1415867745310	25.887099390333383
1415867745292	26.449615204909787
1415867745274	26.30446134597049
1415867745254	25.182912414946713
1415867745239	21.459684148251164
1415867745221	21.13743971473765
1415867745204	22.51440846125262
1415867745193	22.21094775529196
1415867745175	13.812721528786057
1415867745163	12.705183007522905
1415867745153	10.95518854705354
1415867745143	12.274551070838111
1415867745133	16.567277808319616
1415867745123	19.100363986219556
1415867745113	19.890883463586267
1415867745103	19.749207771536575
1415867745093	12.591700547155613
1415867745083	10.280663784887983
1415867745071	10.247593996188154
1415867745053	10.335334960326659
1415867745043	9.07445916702611
1415867745033	9.70100039854873
1415867745023	9.494821313914338
1415867745006	11.513964625888185
1415867744995	11.633769506516673
1415867744983	12.443916127812235
1415867744970	12.174471434855862
1415867744960	9.825546802032132
1415867744950	9.276034196485456
1415867744883	9.23353254812065
1415867744867	10.440751953132809
1415867744852	11.389220588033332
1415867744842	11.727616342265922
1415867744823	11.25118525786548
1415867744806	9.480012336907844
1415867744795	9.113532677746319
1415867744784	9.362693990260714
1415867744763	9.793882632268948
1415867744753	9.745189531414383
1415867744742	9.672768424697542
1415867744723	9.668856377478779
1415867744713	9.717751614340115
1415867744694	9.787323457850414
Recieved request [object Object]
start_game body
{ user_id: '16af768ce0297280',
  game_type: 'shake',
  start_time: 1415867750726 }
About to sent from start_game. game_instances is 
{ '1': 
   { game_type: 'shake',
     start_time: 1415867731672,
     end_time: null,
     '16af768ce0297280': { session_id: null, score: null, user_start_time: 1415867731672 } },
  '2': 
   { game_type: 'shake',
     start_time: 1415867738166,
     end_time: null,
     '16af768ce0297280': { session_id: null, score: null, user_start_time: 1415867738166 } },
  '3': 
   { game_type: 'shake',
     start_time: 1415867744680,
     end_time: null,
     '16af768ce0297280': { session_id: null, score: null, user_start_time: 1415867744680 } },
  '4': 
   { game_type: 'shake',
     start_time: 1415867750726,
     end_time: null,
     '16af768ce0297280': { session_id: null, score: null, user_start_time: 1415867750726 } } }
req body to submit game end: 
{ game_id: 4,
  user_id: '16af768ce0297280',
  end_time: 1415867754167 }
http://cse490m2.cs.washington.edu:8080/api/user_data?end=1415867754167&id=16af768ce0297280&start=1415867750726
1415867754135	9.781908188126206
1415867754124	10.03096009314252
1415867754106	10.087963158815993
1415867754087	9.999840393747446
1415867754075	9.834421705075535
1415867754063	9.652999445978546
1415867754051	9.819115397556585
1415867754038	10.0918235251984
1415867754026	10.524404000254451
1415867754016	10.832590367974277
1415867754003	10.659905463279784
1415867753993	9.765045598130492
1415867753980	10.344941772090115
1415867753970	15.647660748944816
1415867753957	14.380160668353867
1415867753947	10.050424169376855
1415867753935	9.377095825568592
1415867753923	9.23282540016809
1415867753910	9.813742055003585
1415867753898	10.34405483912995
1415867753886	10.769763735506219
1415867753875	10.330754490586722
1415867753862	9.99110794473026
1415867753848	9.986869572300712
1415867753829	10.243399664290413
1415867753808	10.946461158742578
1415867753794	13.00451367773041
1415867753781	14.112358250303856
1415867753769	13.963887421911096
1415867753753	12.66689092743934
1415867753738	10.863971097388472
1415867753726	9.45440954832554
1415867753592	8.491324756691252
1415867753563	8.905191787819545
1415867753543	13.397018348886862
1415867753533	14.820140502202797
1415867753523	14.906194702014048
1415867753513	13.498859103348988
1415867753503	10.814304023035264
1415867753492	6.355741502887283
1415867753482	4.847221235477758
1415867753464	19.31121735489196
1415867753452	12.456980719410824
1415867753442	10.176827523254891
1415867753432	10.015819909231281
1415867753422	12.603179299825792
1415867753412	15.495412687719499
1415867753402	17.184100880600752
1415867753392	19.233827595349577
1415867753382	20.661462463427654
1415867753372	21.471255567867864
1415867753362	28.11791232819743
1415867753352	27.742233487467637
1415867753342	31.925030491112114
1415867753332	30.274448765990076
1415867753322	32.75303863236262
1415867753304	28.06501069446616
1415867753284	33.88536044646143
1415867753272	28.452596289387355
1415867753254	33.96328314910592
1415867753241	33.96328314910592
1415867753222	27.735466256042255
1415867753211	33.58474621379669
1415867753201	33.962592638160565
1415867753191	31.869422412845214
1415867753181	28.47340537016614
1415867753171	23.580820444892282
1415867753161	20.003754509161766
1415867753151	26.852482505895182
1415867753141	28.9155354026318
1415867753131	27.86839343430629
1415867753121	27.73103723090149
1415867753103	33.962592638160565
1415867753088	31.80891010834049
1415867753002	27.99045048091343
1415867752991	27.732061273037235
1415867752981	26.74703734498909
1415867752971	26.52946120402041
1415867752961	22.48950545514753
1415867752951	25.34796861125532
1415867752941	30.708982297170415
1415867752929	28.97646645074927
1415867752911	33.962592638160565
1415867752893	31.66907426847923
1415867752881	33.27354898877999
1415867752871	22.722868976284378
1415867752853	33.96328314910592
1415867752841	33.96328314910592
1415867752831	28.427435682598
1415867752821	33.96328314910592
1415867752811	30.939319474753386
1415867752801	28.404811135594677
1415867752791	27.359088227011007
1415867752781	24.656712020469914
1415867752771	20.763178180981384
1415867752761	29.504504084943303
1415867752743	28.266320388338478
1415867752731	31.607407112862102
1415867752721	33.962592638160565
1415867752711	28.101034442544304
1415867752701	33.962592638160565
1415867752691	31.560703851155253
1415867752681	21.01441364196477
1415867752662	33.816711599194
1415867752651	33.96328314910592
1415867752641	31.41683249296442
1415867752631	30.488406974606296
1415867752621	28.62987649065269
1415867752611	28.458565814625356
1415867752601	28.5787935401007
1415867752591	27.812557741881793
1415867752581	19.952448918495882
1415867752563	30.956746340705656
1415867752551	28.266900644417042
1415867752541	32.66763977825458
1415867752531	33.962592638160565
1415867752521	30.122543776224827
1415867752509	29.634512460142517
1415867752411	30.518186920684556
1415867752401	28.5693225382662
1415867752383	29.289021911466094
1415867752371	30.20355460267246
1415867752361	31.256361845897885
1415867752350	31.868242126487086
1415867752331	28.19945127740194
1415867752320	33.962592638160565
1415867752310	29.189487073343255
1415867752291	31.55116361846653
1415867752280	33.96328314910592
1415867752270	31.98524991604133
1415867752260	32.44149375296453
1415867752241	28.76156244466851
1415867752228	19.945283097406467
1415867752216	27.970825027326025
1415867752191	30.137057024362516
1415867752181	33.27454106358369
1415867752171	30.109935351499608
1415867752161	33.962592638160565
1415867752151	28.50832489415255
1415867752141	33.962592638160565
1415867752130	31.002379145337315
1415867752120	21.7027171778824
1415867752104	33.96328314910592
1415867752090	33.96328314910592
1415867752080	28.677293552453666
1415867752070	33.115329206523235
1415867752060	29.240269670402185
1415867752050	27.91738250628194
1415867752040	29.616188863304657
1415867752022	22.067560607705953
1415867752002	29.858660471834398
1415867751990	31.33209431854254
1415867751980	30.856577696359864
1415867751964	33.93531431549726
1415867751942	33.95257442551644
1415867751932	26.364127400121557
1415867751917	26.039408467963494
1415867751744	25.640765328724065
1415867751730	30.495869715527135
1415867751710	33.96328314910592
1415867751700	33.96328314910592
1415867751690	28.248058953522133
1415867751680	33.139560415270715
1415867751662	31.570334649285474
1415867751650	31.545567888496763
1415867751640	21.792114296040786
1415867751630	25.57705995263223
1415867751612	30.7461120200581
1415867751600	27.77474413329817
1415867751590	33.85202696600901
1415867751580	31.56013182116865
1415867751570	32.15437875296173
1415867751560	33.01067110505399
1415867751548	33.226980364993715
1415867751538	23.97227123667097
1415867751527	31.374487517066953
1415867751515	30.048805943416404
1415867751504	33.96328314910592
1415867751494	33.89912869944626
1415867751483	27.760584736759444
1415867751473	31.411950150054054
1415867751463	28.044943630361
1415867751450	27.807872968532187
1415867751440	27.9911004438778
1415867751430	26.53669211093103
1415867751420	26.306178669679888
1415867751410	27.269995100595303
1415867751400	28.240672626161032
1415867751390	28.160685486918783
1415867751380	28.094280538128608
1415867751370	28.003211762859024
1415867751358	10.645173474800702
1415867751348	10.18102887077685
1415867751333	10.081376640807576
1415867751317	10.166670420571045
1415867751298	10.516544497408365
1415867751282	10.798576340848731
1415867751265	10.665007432617452
1415867751248	10.255052061186678
1415867751122	9.829929664087603
1415867751110	9.996858910231007
1415867751100	9.797496317777913
1415867751090	9.671213211582115
1415867751080	9.840376944555299
1415867751070	10.103402477962497
1415867751060	10.18486361479983
1415867751050	10.216568978453251
1415867751040	10.288366334064259
1415867751030	10.220043727597158
1415867751020	10.020179065049605
1415867751010	10.060849107030368
1415867750999	9.972542856068346
1415867750989	9.90449227585285
1415867750973	9.991902436710033
1415867750957	10.043581337331881
1415867750941	10.088201230178175
1415867750931	9.986763007088893
1415867750912	10.06261457771019
1415867750900	10.031489863302331
1415867750890	10.037672461145148
1415867750879	10.052258810849702
1415867750869	10.094680614363776
1415867750859	10.120858325649602
1415867750849	10.127601575971573
1415867750839	10.052260193513636
1415867750829	10.05843874136168
1415867750811	10.142539944252343
1415867750799	10.084801920776977
1415867750786	10.06890535181622
1415867750766	10.050947266420414
Recieved request [object Object]
start_game body
{ user_id: '16af768ce0297280',
  game_type: 'shake',
  start_time: 1415867757224 }
About to sent from start_game. game_instances is 
{ '1': 
   { game_type: 'shake',
     start_time: 1415867731672,
     end_time: null,
     '16af768ce0297280': { session_id: null, score: null, user_start_time: 1415867731672 } },
  '2': 
   { game_type: 'shake',
     start_time: 1415867738166,
     end_time: null,
     '16af768ce0297280': { session_id: null, score: null, user_start_time: 1415867738166 } },
  '3': 
   { game_type: 'shake',
     start_time: 1415867744680,
     end_time: null,
     '16af768ce0297280': { session_id: null, score: null, user_start_time: 1415867744680 } },
  '4': 
   { game_type: 'shake',
     start_time: 1415867750726,
     end_time: null,
     '16af768ce0297280': { session_id: null, score: null, user_start_time: 1415867750726 } },
  '5': 
   { game_type: 'shake',
     start_time: 1415867757224,
     end_time: null,
     '16af768ce0297280': { session_id: null, score: null, user_start_time: 1415867757224 } } }
req body to submit game end: 
{ game_id: 5,
  user_id: '16af768ce0297280',
  end_time: 1415867760391 }
http://cse490m2.cs.washington.edu:8080/api/user_data?end=1415867760391&id=16af768ce0297280&start=1415867757224
1415867759910	32.75288958334615
1415867759899	29.40539220831387
1415867759889	19.82931312247868
1415867759872	33.96328314910592
1415867759859	33.3515310423637
1415867759849	28.85238694212841
1415867759839	30.884573326443785
1415867759829	28.590847520714828
1415867759819	27.680780216559953
1415867759809	25.992724229442917
1415867759799	20.827122865231917
1415867759789	27.272278976723104
1415867759773	28.514308227088485
1415867759759	33.953955856377334
1415867759749	33.962592638160565
1415867759739	29.363221185400317
1415867759729	33.204904888175875
1415867759719	28.216906762011902
1415867759701	30.67818773460789
1415867759689	33.96328314910592
1415867759679	27.894971020009862
1415867759669	33.900850795510976
1415867759659	33.96328314910592
1415867759649	31.088604204556017
1415867759639	26.260783085891287
1415867759629	21.491938917975208
1415867759619	25.81959468445258
1415867759608	29.0054484463612
1415867759591	29.781836076811302
1415867759579	33.962592638160565
1415867759569	32.7053482346321
1415867759558	32.86123438678757
1415867759540	20.907767254740776
1415867759530	27.855426962655677
1415867759519	31.75547230541541
1415867759508	33.96328314910592
1415867759498	28.205844371558566
1415867759483	30.651489169449288
1415867759468	27.730698941656804
1415867759451	22.32539658899405
1415867759439	29.078881747504255
1415867759425	28.3772507709452
1415867759322	33.58752226044854
1415867759308	30.942771100320844
1415867759298	28.73050030603184
1415867759288	23.713418415324814
1415867759278	27.791777445044318
1415867759268	21.848344403772188
1415867759258	31.72394636826128
1415867759248	29.43658952546842
1415867759230	33.03992810070758
1415867759218	33.962592638160565
1415867759208	28.089016604965984
1415867759189	27.69861687776056
1415867759170	32.50677763252381
1415867759158	33.96328314910592
1415867759148	28.32704761978881
1415867759138	33.959482223009786
1415867759128	30.487769158918976
1415867759118	27.985188221895427
1415867759108	26.730724322462383
1415867759098	27.805433538151984
1415867759088	21.1905790783128
1415867759078	28.66607023321711
1415867759068	28.32793091090387
1415867759050	33.962592638160565
1415867759038	33.960174265574686
1415867759028	31.127830951403055
1415867759018	33.962592638160565
1415867758999	27.941447389636934
1415867758989	33.189158101938425
1415867758978	33.96328314910592
1415867758968	28.250227118696884
1415867758958	33.95291920182943
1415867758948	32.04170666724647
1415867758938	28.37455272878031
1415867758928	28.81460792031112
1415867758918	28.932364804891943
1415867758908	19.990405966262045
1415867758898	26.97499495386352
1415867758888	29.67718523261485
1415867758870	30.527807941692128
1415867758860	19.740663505153403
1415867758838	24.795562789780167
1415867758822	28.557520401328436
1415867758678	30.445734521441867
1415867758668	30.52705733077602
1415867758658	31.814995025261545
1415867758648	33.962592638160565
1415867758638	29.24994630658467
1415867758628	33.962592638160565
1415867758618	27.969296216665963
1415867758608	22.74164392036161
1415867758598	27.75245776656181
1415867758588	33.3136713742612
1415867758578	33.96328314910592
1415867758568	28.594321078869832
1415867758558	30.794063504051508
1415867758547	28.278280378393646
1415867758537	31.391457647434645
1415867758527	33.22943021411066
1415867758510	28.549102282087514
1415867758498	29.989573989872763
1415867758487	31.988395406116855
1415867758468	31.245873537500053
1415867758447	33.962592638160565
1415867758433	33.962592638160565
1415867758418	32.19840001741417
1415867758408	19.879830886265864
1415867758398	27.760032334845945
1415867758388	30.130106017651347
1415867758378	32.0264909808493
1415867758368	28.443988411176058
1415867758358	29.298696483458475
1415867758347	30.517072602951647
1415867758329	15.81089235149876
1415867758317	14.414248187288653
1415867758307	17.282410719563874
1415867758297	21.754575053114827
1415867758287	25.388286175773686
1415867758277	25.365473560961703
1415867758258	12.459473278174261
1415867758246	11.218059551289988
1415867758236	11.246685162186642
1415867758226	12.919477681823686
1415867758216	15.828133716360885
1415867758206	12.85860163703831
1415867758196	13.2139001177331
1415867758186	13.358650358994621
1415867758107	12.142461855438635
1415867758097	9.489966440536763
1415867758082	8.366173553007254
1415867758067	7.96366443429064
1415867758057	7.459832058360842
1415867758047	7.313849353781154
1415867758037	7.216780257579906
1415867758027	7.196725364986311
1415867758017	7.280057304511566
1415867758007	7.422930077580755
1415867757997	7.147445783931267
1415867757987	9.38091212727358
1415867757969	6.761478830310625
1415867757957	8.071269864391068
1415867757947	8.89801821717249
1415867757937	9.569793680184398
1415867757927	10.697938678101497
1415867757917	12.163682175378236
1415867757907	14.11490600376539
1415867757897	16.26201999878725
1415867757887	17.526288789595952
1415867757877	17.548696485282335
1415867757867	16.522229055548635
1415867757857	15.393365211624586
1415867757847	14.016192011789988
1415867757837	13.141589023293678
1415867757827	14.431284350007639
1415867757809	14.321653285862249
1415867757799	14.074176343347007
1415867757789	12.693223996750218
1415867757777	10.979321036055534
1415867757767	10.659253446688181
1415867757757	10.747175069795217
1415867757747	11.1846709299082
1415867757737	10.93975829500628
1415867757727	10.97761111824848
1415867757709	9.873660298818523
1415867757698	10.236412728022037
1415867757686	10.836099150146193
1415867757675	10.718870879584992
1415867757664	10.339753160773691
1415867757651	9.353347744609685
1415867757634	10.1431897041723
1415867757614	10.104350589298845
1415867757522	10.046865752952693
1415867757507	10.054720001399067
1415867757496	10.093199018858021
1415867757479	9.956786764682693
1415867757467	9.894975944673499
1415867757449	9.794145711525243
1415867757429	9.848865977547923
1415867757417	10.192622064790926
1415867757407	10.377964122267528
1415867757397	10.383487684524365
1415867757387	10.354647096482719
1415867757376	11.373710297814648
1415867757363	9.351714535589625
1415867757353	10.39306942108699
1415867757338	10.071045452741247
1415867757307	10.12396450552394
1415867757294	9.387195854992418
1415867757279	9.452604986643353
1415867757254	10.201303538836825
Recieved request [object Object]
start_game body
{ user_id: '16af768ce0297280',
  game_type: 'shake',
  start_time: 1415867764610 }
About to sent from start_game. game_instances is 
{ '1': 
   { game_type: 'shake',
     start_time: 1415867731672,
     end_time: null,
     '16af768ce0297280': { session_id: null, score: null, user_start_time: 1415867731672 } },
  '2': 
   { game_type: 'shake',
     start_time: 1415867738166,
     end_time: null,
     '16af768ce0297280': { session_id: null, score: null, user_start_time: 1415867738166 } },
  '3': 
   { game_type: 'shake',
     start_time: 1415867744680,
     end_time: null,
     '16af768ce0297280': { session_id: null, score: null, user_start_time: 1415867744680 } },
  '4': 
   { game_type: 'shake',
     start_time: 1415867750726,
     end_time: null,
     '16af768ce0297280': { session_id: null, score: null, user_start_time: 1415867750726 } },
  '5': 
   { game_type: 'shake',
     start_time: 1415867757224,
     end_time: null,
     '16af768ce0297280': { session_id: null, score: null, user_start_time: 1415867757224 } },
  '6': 
   { game_type: 'shake',
     start_time: 1415867764610,
     end_time: null,
     '16af768ce0297280': { session_id: null, score: null, user_start_time: 1415867764610 } } }
req body to submit game end: 
{ game_id: 6,
  user_id: '16af768ce0297280',
  end_time: 1415867767937 }
http://cse490m2.cs.washington.edu:8080/api/user_data?end=1415867767937&id=16af768ce0297280&start=1415867764610
1415867764817	9.817949869543959
1415867764805	9.879952273700487
1415867764794	10.014404490862507
1415867764784	10.287387950572612
1415867764774	10.356363851060154
1415867764755	10.182341138778604
1415867764745	10.161427393916718
1415867764735	10.11782110381873
1415867764725	9.986480924553925
1415867764715	9.780954819620112
1415867764704	9.640400368062442
1415867764694	9.758834208444497
1415867764675	9.958035998290955
1415867764664	9.968263295547986
1415867764654	10.06131814864622
1415867764637	10.153075899522836
Recieved request [object Object]
start_game body
{ user_id: '16af768ce0297280',
  game_type: 'shake',
  start_time: 1415867771048 }
About to sent from start_game. game_instances is 
{ '1': 
   { game_type: 'shake',
     start_time: 1415867731672,
     end_time: null,
     '16af768ce0297280': { session_id: null, score: null, user_start_time: 1415867731672 } },
  '2': 
   { game_type: 'shake',
     start_time: 1415867738166,
     end_time: null,
     '16af768ce0297280': { session_id: null, score: null, user_start_time: 1415867738166 } },
  '3': 
   { game_type: 'shake',
     start_time: 1415867744680,
     end_time: null,
     '16af768ce0297280': { session_id: null, score: null, user_start_time: 1415867744680 } },
  '4': 
   { game_type: 'shake',
     start_time: 1415867750726,
     end_time: null,
     '16af768ce0297280': { session_id: null, score: null, user_start_time: 1415867750726 } },
  '5': 
   { game_type: 'shake',
     start_time: 1415867757224,
     end_time: null,
     '16af768ce0297280': { session_id: null, score: null, user_start_time: 1415867757224 } },
  '6': 
   { game_type: 'shake',
     start_time: 1415867764610,
     end_time: null,
     '16af768ce0297280': { session_id: null, score: null, user_start_time: 1415867764610 } },
  '7': 
   { game_type: 'shake',
     start_time: 1415867771048,
     end_time: null,
     '16af768ce0297280': { session_id: null, score: null, user_start_time: 1415867771048 } } }
req body to submit game end: 
{ game_id: 7,
  user_id: '16af768ce0297280',
  end_time: 1415867774193 }
http://cse490m2.cs.washington.edu:8080/api/user_data?end=1415867774193&id=16af768ce0297280&start=1415867771048
1415867771376	8.865276069038494
1415867771358	9.02781601125919
1415867771348	9.321078480900265
1415867771338	9.11468967391298
1415867771328	9.251270532034843
1415867771318	9.29860426432842
1415867771251	9.966810649411164
1415867771232	9.923285900601519
1415867771213	10.31772461752484
1415867771203	9.925995114280743
1415867771189	9.51561656990948
1415867771172	9.922134293101546
1415867771162	9.952805825346559
1415867771151	9.415954168105088
1415867771141	9.014686280899353
1415867771125	9.898335889257217
Recieved request [object Object]
start_game body
{ user_id: '16af768ce0297280',
  game_type: 'shake',
  start_time: 1415867777993 }
About to sent from start_game. game_instances is 
{ '1': 
   { game_type: 'shake',
     start_time: 1415867731672,
     end_time: null,
     '16af768ce0297280': { session_id: null, score: null, user_start_time: 1415867731672 } },
  '2': 
   { game_type: 'shake',
     start_time: 1415867738166,
     end_time: null,
     '16af768ce0297280': { session_id: null, score: null, user_start_time: 1415867738166 } },
  '3': 
   { game_type: 'shake',
     start_time: 1415867744680,
     end_time: null,
     '16af768ce0297280': { session_id: null, score: null, user_start_time: 1415867744680 } },
  '4': 
   { game_type: 'shake',
     start_time: 1415867750726,
     end_time: null,
     '16af768ce0297280': { session_id: null, score: null, user_start_time: 1415867750726 } },
  '5': 
   { game_type: 'shake',
     start_time: 1415867757224,
     end_time: null,
     '16af768ce0297280': { session_id: null, score: null, user_start_time: 1415867757224 } },
  '6': 
   { game_type: 'shake',
     start_time: 1415867764610,
     end_time: null,
     '16af768ce0297280': { session_id: null, score: null, user_start_time: 1415867764610 } },
  '7': 
   { game_type: 'shake',
     start_time: 1415867771048,
     end_time: null,
     '16af768ce0297280': { session_id: null, score: null, user_start_time: 1415867771048 } },
  '8': 
   { game_type: 'shake',
     start_time: 1415867777993,
     end_time: null,
     '16af768ce0297280': { session_id: null, score: null, user_start_time: 1415867777993 } } }
req body to submit game end: 
{ game_id: 8,
  user_id: '16af768ce0297280',
  end_time: 1415867781166 }
http://cse490m2.cs.washington.edu:8080/api/user_data?end=1415867781166&id=16af768ce0297280&start=1415867777993
1415867778034	10.074980902305851
1415867778013	10.001386946439128
Recieved request [object Object]
start_game body
{ user_id: '16af768ce0297280',
  game_type: 'shake',
  start_time: 1415867787150 }
About to sent from start_game. game_instances is 
{ '1': 
   { game_type: 'shake',
     start_time: 1415867731672,
     end_time: null,
     '16af768ce0297280': { session_id: null, score: null, user_start_time: 1415867731672 } },
  '2': 
   { game_type: 'shake',
     start_time: 1415867738166,
     end_time: null,
     '16af768ce0297280': { session_id: null, score: null, user_start_time: 1415867738166 } },
  '3': 
   { game_type: 'shake',
     start_time: 1415867744680,
     end_time: null,
     '16af768ce0297280': { session_id: null, score: null, user_start_time: 1415867744680 } },
  '4': 
   { game_type: 'shake',
     start_time: 1415867750726,
     end_time: null,
     '16af768ce0297280': { session_id: null, score: null, user_start_time: 1415867750726 } },
  '5': 
   { game_type: 'shake',
     start_time: 1415867757224,
     end_time: null,
     '16af768ce0297280': { session_id: null, score: null, user_start_time: 1415867757224 } },
  '6': 
   { game_type: 'shake',
     start_time: 1415867764610,
     end_time: null,
     '16af768ce0297280': { session_id: null, score: null, user_start_time: 1415867764610 } },
  '7': 
   { game_type: 'shake',
     start_time: 1415867771048,
     end_time: null,
     '16af768ce0297280': { session_id: null, score: null, user_start_time: 1415867771048 } },
  '8': 
   { game_type: 'shake',
     start_time: 1415867777993,
     end_time: null,
     '16af768ce0297280': { session_id: null, score: null, user_start_time: 1415867777993 } },
  '9': 
   { game_type: 'shake',
     start_time: 1415867787150,
     end_time: null,
     '16af768ce0297280': { session_id: null, score: null, user_start_time: 1415867787150 } } }
req body to submit game end: 
{ game_id: 9,
  user_id: '16af768ce0297280',
  end_time: 1415867790374 }
http://cse490m2.cs.washington.edu:8080/api/user_data?end=1415867790374&id=16af768ce0297280&start=1415867787150
1415867787992	10.179151522443457
1415867787982	10.192205524030339
1415867787972	10.1386655183376
1415867787962	10.129170162641001
1415867787952	10.094295575904606
1415867787942	10.106100113616073
1415867787932	10.109490751489998
1415867787922	10.09403366741737
1415867787912	10.057972965470983
1415867787902	10.064733575187939
1415867787884	10.12708636792868
1415867787872	10.076077589149483
1415867787862	10.074804587540187
1415867787852	10.083701226532586
1415867787842	10.091813092456608
1415867787832	10.061904136086406
1415867787822	10.029772514484382
1415867787812	10.032766527053827
1415867787802	10.057638263106147
1415867787782	10.049293671177741
1415867787772	10.064565092415991
1415867787762	10.057944871564262
1415867787743	9.996255305169624
1415867787722	9.950069677788271
1415867787704	10.034453397713689
1415867787692	10.064683093144442
1415867787681	9.92829289477081
1415867787671	9.922811724204607
1415867787502	10.033446737882134
1415867787482	10.10702091287158
1415867787472	10.095969664344711
1415867787462	10.124865184810234
1415867787452	10.119579924804626
1415867787442	10.067861750383475
1415867787432	9.995652633329744
1415867787422	9.964371875328467
1415867787404	10.0552567966282
1415867787383	9.975581253503412
1415867787372	10.019052701561044
1415867787362	10.091106324581306
1415867787343	10.082274881968523
1415867787331	10.060457522098556
1415867787321	10.05462663120737
1415867787311	10.06787988035889
1415867787301	9.990077089961337
1415867787291	10.027989456399226
1415867787281	10.076643769629928
1415867787262	10.089349334189274
1415867787252	10.060892826910775
1415867787242	10.106043441821395
1415867787232	10.141630348377934
1415867787221	10.107406900558718
1415867787210	10.221778644578816
1415867787196	10.084750302609978
Recieved request [object Object]
start_game body
{ user_id: '16af768ce0297280',
  game_type: 'shake',
  start_time: 1415867798181 }
About to sent from start_game. game_instances is 
{ '1': 
   { game_type: 'shake',
     start_time: 1415867731672,
     end_time: null,
     '16af768ce0297280': { session_id: null, score: null, user_start_time: 1415867731672 } },
  '2': 
   { game_type: 'shake',
     start_time: 1415867738166,
     end_time: null,
     '16af768ce0297280': { session_id: null, score: null, user_start_time: 1415867738166 } },
  '3': 
   { game_type: 'shake',
     start_time: 1415867744680,
     end_time: null,
     '16af768ce0297280': { session_id: null, score: null, user_start_time: 1415867744680 } },
  '4': 
   { game_type: 'shake',
     start_time: 1415867750726,
     end_time: null,
     '16af768ce0297280': { session_id: null, score: null, user_start_time: 1415867750726 } },
  '5': 
   { game_type: 'shake',
     start_time: 1415867757224,
     end_time: null,
     '16af768ce0297280': { session_id: null, score: null, user_start_time: 1415867757224 } },
  '6': 
   { game_type: 'shake',
     start_time: 1415867764610,
     end_time: null,
     '16af768ce0297280': { session_id: null, score: null, user_start_time: 1415867764610 } },
  '7': 
   { game_type: 'shake',
     start_time: 1415867771048,
     end_time: null,
     '16af768ce0297280': { session_id: null, score: null, user_start_time: 1415867771048 } },
  '8': 
   { game_type: 'shake',
     start_time: 1415867777993,
     end_time: null,
     '16af768ce0297280': { session_id: null, score: null, user_start_time: 1415867777993 } },
  '9': 
   { game_type: 'shake',
     start_time: 1415867787150,
     end_time: null,
     '16af768ce0297280': { session_id: null, score: null, user_start_time: 1415867787150 } },
  '10': 
   { game_type: 'shake',
     start_time: 1415867798181,
     end_time: null,
     '16af768ce0297280': { session_id: null, score: null, user_start_time: 1415867798181 } } }
req body to submit game end: 
{ game_id: 10,
  user_id: '16af768ce0297280',
  end_time: 1415867801341 }
http://cse490m2.cs.washington.edu:8080/api/user_data?end=1415867801341&id=16af768ce0297280&start=1415867798181
1415867800538	21.4317625318478
1415867800523	21.295936192086533
1415867800508	25.508352827234447
1415867800498	28.42832347942124
1415867800486	28.16748822847396
1415867800476	31.792720380365644
1415867800464	28.22757864699025
1415867800453	33.76198301095773
1415867800440	29.11707835250242
1415867800429	28.51598184704145
1415867800414	27.377413934914543
1415867800403	23.201805894051176
1415867800391	32.16147237382987
1415867800380	30.837151636214994
1415867800368	26.2539502299164
1415867800356	27.765189691200046
1415867800343	27.792790459796265
1415867800331	27.828049056662817
1415867800318	29.071956402347126
1415867800305	25.234823458575374
1415867800291	20.987229471492935
1415867800277	20.03821135391976
1415867800264	21.282030460643135
1415867800251	25.131750218142173
1415867800238	30.138932318815908
1415867800222	28.483517521930416
1415867800210	31.97587025531906
1415867800198	31.120220476149683
1415867800186	30.957012164071987
1415867800175	28.192177595209053
1415867800163	29.716848191553726
1415867800152	25.18509908399069
1415867800139	28.07130769273268
1415867800128	31.50002532777137
1415867800116	28.151558598302675
1415867800105	32.60992005909696
1415867800092	30.591445258695153
1415867800081	27.834086888789066
1415867800069	29.692930609408396
1415867800057	24.77249888367418
1415867800045	33.96328314910592
1415867799935	33.96328314910592
1415867799895	27.594567627388273
1415867799857	28.422305843887102
1415867799838	27.89662783113452
1415867799817	23.32696718206433
1415867799799	24.711845529027755
1415867799784	28.519143633021205
1415867799769	28.96797113043751
1415867799756	29.381177495270776
1415867799741	28.210496590282244
1415867799729	33.962592638160565
1415867799713	31.7561922353729
1415867799701	27.888604765468887
1415867799686	33.962592638160565
1415867799651	30.1701130813374
1415867799628	26.349013863753477
1415867799616	33.11045070213014
1415867799592	33.96328314910592
1415867799580	20.60378340904233
1415867799570	22.375779105406238
1415867799557	27.97995952370445
1415867799546	27.741676011647534
1415867799535	32.715824808295466
1415867799524	33.962592638160565
1415867799512	28.4994603523102
1415867799496	29.419558448673783
1415867799481	33.87470000685878
1415867799463	33.69553898197975
1415867799448	28.419648601965672
1415867799433	20.865205304817465
1415867799327	27.42621759101262
1415867799301	27.85323314124001
1415867799272	33.83659177294968
1415867799260	33.198015555569675
1415867799248	23.505249535322555
1415867799237	24.774971259881422
1415867799225	22.843209360574555
1415867799213	22.90407815641999
1415867799201	21.055803864568936
1415867799189	20.31071271259584
1415867799178	20.703933984450522
1415867799166	22.714593523883597
1415867799156	25.28142002609539
1415867799143	27.362049045217685
1415867799132	22.636451737723693
1415867799120	18.91060987658034
1415867799107	9.99654878041095
1415867799091	12.108029894032157
1415867799057	18.533923880698026
1415867799045	19.81506627382293
1415867799033	11.978542523669104
1415867799020	13.025452065770642
1415867799008	12.494292467067506
1415867798993	10.685154022960164
1415867798980	9.029067202444406
1415867798965	9.188968772001996
1415867798949	9.795077020729433
1415867798935	10.102333158677274
1415867798919	10.351135830896148
1415867798898	10.479571420425499
1415867798884	10.614533427522499
1415867798870	10.401734449747822
1415867798822	10.320651092027187
1415867798683	9.882678187719218
1415867798665	10.195323497436663
1415867798652	10.577730066305188
1415867798633	10.577563236064995
1415867798623	10.555582691749533
1415867798605	9.754789382139023
1415867798593	9.475421197682007
1415867798583	9.373303471365954
1415867798573	9.277052108895385
1415867798559	8.817775725860669
1415867798549	8.976515341318535
1415867798538	9.2171377541859
1415867798528	9.63846378059608
1415867798517	9.667643256473145
1415867798507	9.693685267586252
1415867798497	9.637581971024229
1415867798486	8.819555523770472
1415867798463	8.970675213807612
1415867798453	9.256938801988388
1415867798443	9.355827590314744
1415867798433	9.303759413581602
1415867798415	8.616641879686885
1415867798393	9.27680876466843
1415867798380	10.454564487109685
1415867798369	11.195246850687106
1415867798358	12.026814102164906
1415867798345	12.59734134635746
1415867798335	12.737864893069318
1415867798324	12.598301922626407
1415867798314	12.334369840635974
1415867798304	11.471052019468186
1415867798294	10.399892719567395
1415867798283	8.895408635103623
1415867798273	8.477639093583855
1415867798263	9.73539195951206
1415867798253	10.04964002507069
1415867798243	12.41961875431372
1415867798231	11.173181794553802
1415867798214	9.689530046363945
